(0000) 3000  0011000000000000 (   4)                 .ORIG x3000
(3000) 5920  0101100100100000 (   5)                 AND   R4 R4 #0
(3001) 5B60  0101101101100000 (   6)                 AND   R5 R5 #0
(3002) 2A8C  0010101010001100 (   7)                 LD    R5 ARRAY
(3003) E08D  1110000010001101 (   8)                 LEA   R0 IN_String
(3004) F022  1111000000100010 (   9)                 TRAP  x22
(3005) 5020  0101000000100000 (  10)                 AND   R0 R0 #0
(3006) 102A  0001000000101010 (  11)                 ADD   R0 R0 #10
(3007) F021  1111000000100001 (  12)                 TRAP  x21
(3008) 4838  0100100000111000 (  13)                 JSR   INPUT
(3009) 193F  0001100100111111 (  14)                 ADD   R4 R4 #-1
(300A) 3883  0011100010000011 (  15)                 ST    R4 LENGTH
(300B) E09A  1110000010011010 (  16)                 LEA   R0 Selection
(300C) F022  1111000000100010 (  17)                 TRAP  x22
(300D) 5020  0101000000100000 (  18) AGAIN           AND   R0 R0 #0
(300E) 102A  0001000000101010 (  19)                 ADD   R0 R0 #10
(300F) F021  1111000000100001 (  20)                 TRAP  x21
(3010) E0B0  1110000010110000 (  21)                 LEA   R0 Selection1
(3011) F022  1111000000100010 (  22)                 TRAP  x22
(3012) F020  1111000000100000 (  23)                 TRAP  x20
(3013) F021  1111000000100001 (  24)                 TRAP  x21
(3014) 227B  0010001001111011 (  25)                 LD    R1 ASCII
(3015) 1A01  0001101000000001 (  26)                 ADD   R5 R0 R1
(3016) 1B7F  0001101101111111 (  27)                 ADD   R5 R5 #-1
(3017) 0404  0000010000000100 (  28)                 BRZ   LOOP1
(3018) 1A01  0001101000000001 (  29)                 ADD   R5 R0 R1
(3019) 1B7E  0001101101111110 (  30)                 ADD   R5 R5 #-2
(301A) 0414  0000010000010100 (  31)                 BRZ   LOOP7
(301B) 0FF1  0000111111110001 (  32)                 BRNZP AGAIN
(301C) 2A72  0010101001110010 (  34) LOOP1           LD    R5 ARRAY
(301D) 1320  0001001100100000 (  35)                 ADD   R1 R4 #0
(301E) 6140  0110000101000000 (  36) LOOP2           LDR   R0 R5 #0
(301F) 6400  0110010000000000 (  37)                 LDR   R2 R0 #0
(3020) 6D41  0110110101000001 (  38)                 LDR   R6 R5 #1
(3021) 6780  0110011110000000 (  39)                 LDR   R3 R6 #0
(3022) 483B  0100100000111011 (  40) LOOP3           JSR   COMPARE
(3023) 14A0  0001010010100000 (  41)                 ADD   R2 R2 #0
(3024) 0202  0000001000000010 (  42)                 BRP   LABEL
(3025) 0441  0000010001000001 (  43)                 BRZ   EQUAL
(3026) 483B  0100100000111011 (  44)                 JSR   CONVERT
(3027) 1B61  0001101101100001 (  45) LABEL           ADD   R5 R5 #1
(3028) 127F  0001001001111111 (  46)                 ADD   R1 R1 #-1
(3029) 03F4  0000001111110100 (  47)                 BRP   LOOP2
(302A) 193F  0001100100111111 (  48)                 ADD   R4 R4 #-1
(302B) 03F0  0000001111110000 (  49)                 BRP   LOOP1
(302C) 484D  0100100001001101 (  50)                 JSR   PRINT
(302D) 0E12  0000111000010010 (  51)                 BRNZP STOP_END
(302E) 285F  0010100001011111 (  54)                 LD    R4 LENGTH
(302F) 2A5F  0010101001011111 (  55) LOOP7           LD    R5 ARRAY
(3030) 1320  0001001100100000 (  56)                 ADD   R1 R4 #0
(3031) 6140  0110000101000000 (  57) LOOP8           LDR   R0 R5 #0
(3032) 6400  0110010000000000 (  58)                 LDR   R2 R0 #0
(3033) 6D41  0110110101000001 (  59)                 LDR   R6 R5 #1
(3034) 6780  0110011110000000 (  60)                 LDR   R3 R6 #0
(3035) 4836  0100100000110110 (  61) LOOP9           JSR   COMPARE1
(3036) 14A0  0001010010100000 (  62)                 ADD   R2 R2 #0
(3037) 0802  0000100000000010 (  63)                 BRN   LABEL1
(3038) 043C  0000010000111100 (  64)                 BRZ   EQUAL1
(3039) 4836  0100100000110110 (  65)                 JSR   CONVERT1
(303A) 1B61  0001101101100001 (  66) LABEL1          ADD   R5 R5 #1
(303B) 127F  0001001001111111 (  67)                 ADD   R1 R1 #-1
(303C) 03F4  0000001111110100 (  68)                 BRP   LOOP8
(303D) 193F  0001100100111111 (  69)                 ADD   R4 R4 #-1
(303E) 03F0  0000001111110000 (  70)                 BRP   LOOP7
(303F) 483A  0100100000111010 (  71)                 JSR   PRINT
(3040) F025  1111000000100101 (  73) STOP_END        TRAP  x25
(3041) 3E4A  0011111001001010 (  77) INPUT           ST    R7 SAVE_R7
(3042) E49E  1110010010011110 (  78)                 LEA   R2 DATA
(3043) 5920  0101100100100000 (  79)                 AND   R4 R4 #0
(3044) 7540  0111010101000000 (  80)                 STR   R2 R5 #0
(3045) 1B61  0001101101100001 (  81)                 ADD   R5 R5 #1
(3046) F020  1111000000100000 (  82) LOOP            TRAP  x20
(3047) 1230  0001001000110000 (  83) LOOP0           ADD   R1 R0 #-16
(3048) 1270  0001001001110000 (  84)                 ADD   R1 R1 #-16
(3049) 05FC  0000010111111100 (  85)                 BRZ   LOOP
(304A) 1274  0001001001110100 (  86)                 ADD   R1 R1 #-12
(304B) 05FA  0000010111111010 (  87)                 BRZ   LOOP
(304C) 7080  0111000010000000 (  88)                 STR   R0 R2 #0
(304D) 1236  0001001000110110 (  89)                 ADD   R1 R0 #-10
(304E) 0403  0000010000000011 (  90)                 BRZ   END_str
(304F) F021  1111000000100001 (  91)                 TRAP  x21
(3050) 14A1  0001010010100001 (  92)                 ADD   R2 R2 #1
(3051) 0FF4  0000111111110100 (  93)                 BRNZP LOOP
(3052) 1921  0001100100100001 (  94) END_str         ADD   R4 R4 #1
(3053) 7080  0111000010000000 (  95)                 STR   R0 R2 #0
(3054) 14A1  0001010010100001 (  96)                 ADD   R2 R2 #1
(3055) F021  1111000000100001 (  97)                 TRAP  x21
(3056) F020  1111000000100000 (  98)                 TRAP  x20
(3057) 1236  0001001000110110 (  99)                 ADD   R1 R0 #-10
(3058) 0403  0000010000000011 ( 100)                 BRZ   STOP
(3059) 7540  0111010101000000 ( 101)                 STR   R2 R5 #0
(305A) 1B61  0001101101100001 ( 102)                 ADD   R5 R5 #1
(305B) 0FEB  0000111111101011 ( 103)                 BRNZP LOOP0
(305C) 2E2F  0010111000101111 ( 104) STOP            LD    R7 SAVE_R7
(305D) C1C0  1100000111000000 ( 105)                 RET   
(305E) 94BF  1001010010111111 ( 108) COMPARE         NOT   R2 R2
(305F) 14A1  0001010010100001 ( 109)                 ADD   R2 R2 #1
(3060) 1483  0001010010000011 ( 110)                 ADD   R2 R2 R3
(3061) C1C0  1100000111000000 ( 111)                 RET   
(3062) 6540  0110010101000000 ( 114) CONVERT         LDR   R2 R5 #0
(3063) 6741  0110011101000001 ( 115)                 LDR   R3 R5 #1
(3064) 7541  0111010101000001 ( 116)                 STR   R2 R5 #1
(3065) 7740  0111011101000000 ( 117)                 STR   R3 R5 #0
(3066) C1C0  1100000111000000 ( 118)                 RET   
(3067) 1021  0001000000100001 ( 120) EQUAL           ADD   R0 R0 #1
(3068) 1DA1  0001110110100001 ( 121)                 ADD   R6 R6 #1
(3069) 6400  0110010000000000 ( 122)                 LDR   R2 R0 #0
(306A) 6780  0110011110000000 ( 123)                 LDR   R3 R6 #0
(306B) 0FB6  0000111110110110 ( 124)                 BRNZP LOOP3
(306C) 94BF  1001010010111111 ( 127) COMPARE1        NOT   R2 R2
(306D) 14A1  0001010010100001 ( 128)                 ADD   R2 R2 #1
(306E) 1483  0001010010000011 ( 129)                 ADD   R2 R2 R3
(306F) C1C0  1100000111000000 ( 130)                 RET   
(3070) 6540  0110010101000000 ( 133) CONVERT1        LDR   R2 R5 #0
(3071) 6741  0110011101000001 ( 134)                 LDR   R3 R5 #1
(3072) 7541  0111010101000001 ( 135)                 STR   R2 R5 #1
(3073) 7740  0111011101000000 ( 136)                 STR   R3 R5 #0
(3074) C1C0  1100000111000000 ( 137)                 RET   
(3075) 1021  0001000000100001 ( 139) EQUAL1          ADD   R0 R0 #1
(3076) 1DA1  0001110110100001 ( 140)                 ADD   R6 R6 #1
(3077) 6400  0110010000000000 ( 141)                 LDR   R2 R0 #0
(3078) 6780  0110011110000000 ( 142)                 LDR   R3 R6 #0
(3079) 0FBB  0000111110111011 ( 143)                 BRNZP LOOP9
(307A) 3E11  0011111000010001 ( 145) PRINT           ST    R7 SAVE_R7
(307B) 2A13  0010101000010011 ( 146)                 LD    R5 ARRAY
(307C) 5020  0101000000100000 ( 147)                 AND   R0 R0 #0
(307D) 102A  0001000000101010 ( 148)                 ADD   R0 R0 #10
(307E) F021  1111000000100001 ( 149)                 TRAP  x21
(307F) 6540  0110010101000000 ( 150) LOOP4           LDR   R2 R5 #0
(3080) 0409  0000010000001001 ( 151)                 BRZ   STOP_Pr
(3081) 6080  0110000010000000 ( 152) LOOP5           LDR   R0 R2 #0
(3082) 1236  0001001000110110 ( 153)                 ADD   R1 R0 #-10
(3083) 0403  0000010000000011 ( 154)                 BRZ   Pr_New_str
(3084) F021  1111000000100001 ( 155)                 TRAP  x21
(3085) 14A1  0001010010100001 ( 156)                 ADD   R2 R2 #1
(3086) 0FFA  0000111111111010 ( 157)                 BRNZP LOOP5
(3087) F021  1111000000100001 ( 159) Pr_New_str      TRAP  x21
(3088) 1B61  0001101101100001 ( 160)                 ADD   R5 R5 #1
(3089) 0FF5  0000111111110101 ( 161)                 BRNZP LOOP4
(308A) 2E01  0010111000000001 ( 162) STOP_Pr         LD    R7 SAVE_R7
(308B) C1C0  1100000111000000 ( 163)                 RET   
(308C) 0000  0000000000000000 ( 166) SAVE_R7         .FILL x0000
(308D) 0000  0000000000000000 ( 167) SAVE_R6         .FILL x0000
(308E) 0000  0000000000000000 ( 168) LENGTH          .FILL x0000
(308F) 5000  0101000000000000 ( 168) ARRAY           .FILL x5000
(3090) FFD0  1111111111010000 ( 169) ASCII           .FILL xFFD0
(3091) 0050  0000000001010000 ( 170) IN_String       .FILL x0050
(3092) 006C  0000000001101100 ( 170)                 .FILL x006C
(3093) 0065  0000000001100101 ( 170)                 .FILL x0065
(3094) 0061  0000000001100001 ( 170)                 .FILL x0061
(3095) 0073  0000000001110011 ( 170)                 .FILL x0073
(3096) 0065  0000000001100101 ( 170)                 .FILL x0065
(3097) 0020  0000000000100000 ( 170)                 .FILL x0020
(3098) 0069  0000000001101001 ( 170)                 .FILL x0069
(3099) 006E  0000000001101110 ( 170)                 .FILL x006E
(309A) 0070  0000000001110000 ( 170)                 .FILL x0070
(309B) 0075  0000000001110101 ( 170)                 .FILL x0075
(309C) 0074  0000000001110100 ( 170)                 .FILL x0074
(309D) 0020  0000000000100000 ( 170)                 .FILL x0020
(309E) 0073  0000000001110011 ( 170)                 .FILL x0073
(309F) 0074  0000000001110100 ( 170)                 .FILL x0074
(30A0) 0072  0000000001110010 ( 170)                 .FILL x0072
(30A1) 0069  0000000001101001 ( 170)                 .FILL x0069
(30A2) 006E  0000000001101110 ( 170)                 .FILL x006E
(30A3) 0067  0000000001100111 ( 170)                 .FILL x0067
(30A4) 0073  0000000001110011 ( 170)                 .FILL x0073
(30A5) 0000  0000000000000000 ( 170)                 .FILL x0000
(30A6) 0031  0000000000110001 ( 171) Selection       .FILL x0031
(30A7) 002E  0000000000101110 ( 171)                 .FILL x002E
(30A8) 0041  0000000001000001 ( 171)                 .FILL x0041
(30A9) 0053  0000000001010011 ( 171)                 .FILL x0053
(30AA) 0043  0000000001000011 ( 171)                 .FILL x0043
(30AB) 0045  0000000001000101 ( 171)                 .FILL x0045
(30AC) 004E  0000000001001110 ( 171)                 .FILL x004E
(30AD) 0044  0000000001000100 ( 171)                 .FILL x0044
(30AE) 0049  0000000001001001 ( 171)                 .FILL x0049
(30AF) 004E  0000000001001110 ( 171)                 .FILL x004E
(30B0) 0047  0000000001000111 ( 171)                 .FILL x0047
(30B1) 0020  0000000000100000 ( 171)                 .FILL x0020
(30B2) 0020  0000000000100000 ( 171)                 .FILL x0020
(30B3) 0020  0000000000100000 ( 171)                 .FILL x0020
(30B4) 0032  0000000000110010 ( 171)                 .FILL x0032
(30B5) 002E  0000000000101110 ( 171)                 .FILL x002E
(30B6) 0044  0000000001000100 ( 171)                 .FILL x0044
(30B7) 0045  0000000001000101 ( 171)                 .FILL x0045
(30B8) 0053  0000000001010011 ( 171)                 .FILL x0053
(30B9) 0043  0000000001000011 ( 171)                 .FILL x0043
(30BA) 0045  0000000001000101 ( 171)                 .FILL x0045
(30BB) 004E  0000000001001110 ( 171)                 .FILL x004E
(30BC) 0044  0000000001000100 ( 171)                 .FILL x0044
(30BD) 0049  0000000001001001 ( 171)                 .FILL x0049
(30BE) 004E  0000000001001110 ( 171)                 .FILL x004E
(30BF) 0047  0000000001000111 ( 171)                 .FILL x0047
(30C0) 0000  0000000000000000 ( 171)                 .FILL x0000
(30C1) 0050  0000000001010000 ( 172) Selection1      .FILL x0050
(30C2) 006C  0000000001101100 ( 172)                 .FILL x006C
(30C3) 0065  0000000001100101 ( 172)                 .FILL x0065
(30C4) 0061  0000000001100001 ( 172)                 .FILL x0061
(30C5) 0073  0000000001110011 ( 172)                 .FILL x0073
(30C6) 0065  0000000001100101 ( 172)                 .FILL x0065
(30C7) 0020  0000000000100000 ( 172)                 .FILL x0020
(30C8) 0070  0000000001110000 ( 172)                 .FILL x0070
(30C9) 0072  0000000001110010 ( 172)                 .FILL x0072
(30CA) 0065  0000000001100101 ( 172)                 .FILL x0065
(30CB) 0073  0000000001110011 ( 172)                 .FILL x0073
(30CC) 0073  0000000001110011 ( 172)                 .FILL x0073
(30CD) 0020  0000000000100000 ( 172)                 .FILL x0020
(30CE) 0031  0000000000110001 ( 172)                 .FILL x0031
(30CF) 0020  0000000000100000 ( 172)                 .FILL x0020
(30D0) 006F  0000000001101111 ( 172)                 .FILL x006F
(30D1) 0072  0000000001110010 ( 172)                 .FILL x0072
(30D2) 0020  0000000000100000 ( 172)                 .FILL x0020
(30D3) 0032  0000000000110010 ( 172)                 .FILL x0032
(30D4) 0020  0000000000100000 ( 172)                 .FILL x0020
(30D5) 0074  0000000001110100 ( 172)                 .FILL x0074
(30D6) 006F  0000000001101111 ( 172)                 .FILL x006F
(30D7) 0020  0000000000100000 ( 172)                 .FILL x0020
(30D8) 0063  0000000001100011 ( 172)                 .FILL x0063
(30D9) 0068  0000000001101000 ( 172)                 .FILL x0068
(30DA) 006F  0000000001101111 ( 172)                 .FILL x006F
(30DB) 006F  0000000001101111 ( 172)                 .FILL x006F
(30DC) 0073  0000000001110011 ( 172)                 .FILL x0073
(30DD) 0065  0000000001100101 ( 172)                 .FILL x0065
(30DE) 003A  0000000000111010 ( 172)                 .FILL x003A
(30DF) 0020  0000000000100000 ( 172)                 .FILL x0020
(30E0) 0000  0000000000000000 ( 172)                 .FILL x0000
(30E1) 0000  0000000000000000 ( 173) DATA            .FILL x0000
